/tmp/tmpx8eprt51/student/position.h:11:5: warning: Struct 'Position' has a constructor with 1 argument that is not explicit. [noExplicitConstructor]
    Position(std::size_t x={}, std::size_t y={}): x_(x), y_(y)
    ^
/tmp/tmpx8eprt51/student/object.h:37:5: warning: Class 'Object' has a constructor with 1 argument that is not explicit. [noExplicitConstructor]
    Object(ObjectType type, Position position = Position(0,0)) : objType(type), objPosition(position){}
    ^
/tmp/tmpx8eprt51/student/enemy.h:24:5: warning: Class 'Enemy' has a constructor with 1 argument that is not explicit. [noExplicitConstructor]
    Enemy(Position current_position, int max_life = 10): Object(ObjectType::OBJECT_ENEMY, current_position), life_points_(max_life), max_life_(max_life){}
    ^
/tmp/tmpx8eprt51/student/player.h:23:5: warning: Class 'Player' has a constructor with 1 argument that is not explicit. [noExplicitConstructor]
    Player(Position position = Position(0, 0))
    ^
/tmp/tmpx8eprt51/student/engine.cpp:150:5: warning: Consecutive return, break, continue, goto or throw statements are unnecessary. [duplicateBreak]
    return {};
    ^
/tmp/tmpx8eprt51/student/engine.cpp:157:5: warning: Consecutive return, break, continue, goto or throw statements are unnecessary. [duplicateBreak]
    return {};
    ^
/tmp/tmpx8eprt51/student/engine.cpp:163:5: warning: Consecutive return, break, continue, goto or throw statements are unnecessary. [duplicateBreak]
    return {};
    ^
/tmp/tmpx8eprt51/student/enemy.cpp:3:0: warning: The function 'shouldIMoveThisTime' is never used. [unusedFunction]
bool Enemy::shouldIMoveThisTime() const
^
/tmp/tmpx8eprt51/student/engine.cpp:11:0: warning: The function 'signum' is never used. [unusedFunction]
inline auto signum(int x)
^
/tmp/tmpx8eprt51/student/engine.cpp:63:0: warning: The function 'update' is never used. [unusedFunction]
void Engine::update()
^
/tmp/tmpx8eprt51/student/engine.cpp:80:0: warning: The function 'movePlayerUp' is never used. [unusedFunction]
void Engine::movePlayerUp()
^
/tmp/tmpx8eprt51/student/engine.cpp:88:0: warning: The function 'movePlayerDown' is never used. [unusedFunction]
void Engine::movePlayerDown()
^
/tmp/tmpx8eprt51/student/engine.cpp:96:0: warning: The function 'movePlayerLeft' is never used. [unusedFunction]
void Engine::movePlayerLeft()
^
/tmp/tmpx8eprt51/student/engine.cpp:103:0: warning: The function 'movePlayerRight' is never used. [unusedFunction]
void Engine::movePlayerRight()
^
/tmp/tmpx8eprt51/student/engine.cpp:111:0: warning: The function 'playerShoots' is never used. [unusedFunction]
void Engine::playerShoots()
^
/tmp/tmpx8eprt51/student/engine.cpp:128:0: warning: The function 'playerPosition' is never used. [unusedFunction]
Position Engine::playerPosition() const
^
/tmp/tmpx8eprt51/student/engine.cpp:137:0: warning: The function 'playerDirection' is never used. [unusedFunction]
Direction Engine::playerDirection() const
^
/tmp/tmpx8eprt51/student/engine.cpp:146:0: warning: The function 'isPlayerAlive' is never used. [unusedFunction]
bool Engine::isPlayerAlive() const
^
/tmp/tmpx8eprt51/student/engine.cpp:153:0: warning: The function 'stageWidthCells' is never used. [unusedFunction]
std::size_t Engine::stageWidthCells() const
^
/tmp/tmpx8eprt51/student/engine.cpp:159:0: warning: The function 'stageHeightCells' is never used. [unusedFunction]
std::size_t Engine::stageHeightCells() const
^
/tmp/tmpx8eprt51/student/stage.cpp:10:0: warning: The function 'get' is never used. [unusedFunction]
std::shared_ptr<Object> Stage::get(Position position)
^
/tmp/tmpx8eprt51/student/stage.cpp:22:0: warning: The function 'set' is never used. [unusedFunction]
void Stage::set(std::shared_ptr<Object> object, Position position)
^
